            --------------------------------------------------------
                             AMBER SQM VERSION 19
 
                                     By
              Ross C. Walker, Michael F. Crowley, Scott Brozell,
                         Tim Giese, Andreas W. Goetz,
                        Tai-Sung Lee and David A. Case
 
            --------------------------------------------------------
 

--------------------------------------------------------------------------------
  QM CALCULATION INFO
--------------------------------------------------------------------------------

| QMMM: Citation for AMBER QMMM Run:
| QMMM: R.C. Walker, M.F. Crowley and D.A. Case, J. COMP. CHEM. 29:1019, 2008

QMMM: SINGLET STATE CALCULATION
QMMM: RHF CALCULATION, NO. OF DOUBLY OCCUPIED LEVELS = 30

| QMMM: *** Selected Hamiltonian *** 
| QMMM: AM1         

| QMMM: *** Parameter sets in use ***
| QMMM: N : M.J.S.DEWAR et al. JACS, 107, 3902, (1985)
| QMMM: C : M.J.S.DEWAR et al. JACS, 107, 3902, (1985)
| QMMM: O : M.J.S.DEWAR et al. JACS, 107, 3902, (1985)
| QMMM: H : M.J.S.DEWAR et al. JACS, 107, 3902, (1985)

| QMMM: *** SCF convergence criteria ***
| QMMM: Energy change                :  0.1D-09 kcal/mol
| QMMM: Error matrix |FP-PF|         :  0.1D+00 au
| QMMM: Density matrix change        :  0.5D-06
| QMMM: Maximum number of SCF cycles :     1000

| QMMM: *** Diagonalization Routine Information ***
| QMMM: Pseudo diagonalizations are allowed.
| QMMM: Auto diagonalization routine selection is in use.
| QMMM:
| QMMM: Timing diagonalization routines:
| QMMM:                              norbs =       52
| QMMM:    diag iterations used for timing =       15
| QMMM:
| QMMM:              Internal diag routine = 0.001914 seconds
| QMMM:                 Dspev diag routine = 0.002238 seconds
| QMMM:                Dspevd diag routine = 0.001439 seconds
| QMMM:                Dspevx diag routine = 0.009911 seconds
| QMMM:                 Dsyev diag routine = 0.002211 seconds
| QMMM:                Dsyevd diag routine = 0.001380 seconds
| QMMM:                Dsyevr diag routine = 0.002176 seconds
| QMMM:
| QMMM:                Pseudo diag routine = 0.000448 seconds
| QMMM:
| QMMM: Using dsyevd routine (diag_routine=6).

  QMMM: QM Region Cartesian Coordinates (*=link atom) 
  QMMM: QM_NO.   MM_NO.  ATOM         X         Y         Z
  QMMM:     1        1      N       12.7860    4.8370   14.7640
  QMMM:     2        2      N       18.0010    6.1610   12.5580
  QMMM:     3        3      C       14.4550    6.2900   13.5020
  QMMM:     4        4      C       14.0120    7.5690   12.9850
  QMMM:     5        5      C       15.7520    5.8330   13.3550
  QMMM:     6        6      C       16.6570    6.5820   12.6270
  QMMM:     7        7      C       14.9880    8.2490   12.1670
  QMMM:     8        8      C       16.2510    7.7840   12.0030
  QMMM:     9        9      C       13.5240    5.5110   14.1940
  QMMM:    10       10      O       12.8910    8.0310   13.2490
  QMMM:    11       11      O       18.7990    6.7860   11.8810
  QMMM:    12       12      O       18.3610    5.1850   13.2200
  QMMM:    13       13      H       16.0790    4.9020   13.7950
  QMMM:    14       14      H       14.6800    9.1770   11.7080
  QMMM:    15       15      H       16.9850    8.3230   11.4220
  QMMM:    16       16      H       13.6900    3.4700   15.4050

--------------------------------------------------------------------------------
  RESULTS
--------------------------------------------------------------------------------

      iter         sqm energy              rms gradient
      ----    -------------------    -----------------------
xmin    10       43.3387 kcal/mol        1.1500 kcal/(mol*A)
xmin    20       42.8229 kcal/mol        0.0982 kcal/(mol*A)
xmin    30       42.8191 kcal/mol        0.0168 kcal/(mol*A)
xmin    40       42.8190 kcal/mol        0.0007 kcal/(mol*A)
  ... geometry converged !
 
 Final MO eigenvalues (eV):
 -43.2579  -40.7601  -38.7327  -37.6896  -37.4493  -33.2676  -31.4659  -26.9120
 -25.7602  -23.2954  -22.3946  -20.5506  -19.4893  -18.4749  -17.9108  -17.7118
 -17.4171  -16.3118  -15.3335  -15.0648  -14.9416  -14.2406  -13.5844  -12.9562
 -12.2959  -11.8563  -11.8383  -11.1027  -10.9624   -9.4021   -1.7598   -0.4889
  -0.3723    0.1970    0.6285    0.8963    1.1023    2.1857    2.7607    2.9948
   3.2573    3.4546    3.6146    4.0540    4.0985    4.5340    4.7751    4.8024
   5.3960    5.6355    6.3413    7.2066

 Heat of formation   =         42.81903441 kcal/mol  (        1.85677266 eV)

 Total SCF energy    =     -53524.84217062 kcal/mol  (    -2321.01132521 eV)
 Electronic energy   =    -231554.40873484 kcal/mol  (   -10040.95263583 eV)
 Core-core repulsion =     178029.56656422 kcal/mol  (     7719.94131062 eV)
 
    Atomic Charges for Step       1 :
  Atom    Element       Mulliken Charge
     1      N                 -0.196
     2      N                  0.576
     3      C                 -0.282
     4      C                  0.315
     5      C                  0.045
     6      C                 -0.189
     7      C                 -0.217
     8      C                 -0.038
     9      C                  0.251
    10      O                 -0.329
    11      O                 -0.355
    12      O                 -0.375
    13      H                  0.163
    14      H                  0.164
    15      H                  0.170
    16      H                  0.296
 Total Mulliken Charge =       0.000
 
                  X        Y        Z     TOTAL  
  QM DIPOLE    -4.004   -2.093    3.695    5.836
 
 Final Structure

  QMMM: QM Region Cartesian Coordinates (*=link atom) 
  QMMM: QM_NO.   MM_NO.  ATOM         X         Y         Z
  QMMM:     1        1      N       12.9099    4.5473   14.6806
  QMMM:     2        2      N       18.1805    6.2454   12.4939
  QMMM:     3        3      C       14.5438    6.1346   13.5478
  QMMM:     4        4      C       14.0094    7.3760   12.9594
  QMMM:     5        5      C       15.9189    5.7830   13.3796
  QMMM:     6        6      C       16.7540    6.6008   12.6654
  QMMM:     7        7      C       14.9734    8.1800   12.2041
  QMMM:     8        8      C       16.2659    7.8226   12.0626
  QMMM:     9        9      C       13.7089    5.3312   14.2469
  QMMM:    10       10      O       12.8231    7.7142   13.1064
  QMMM:    11       11      O       18.8932    6.9711   11.8541
  QMMM:    12       12      O       18.5924    5.2349   13.0033
  QMMM:    13       13      H       16.2901    4.8455   13.8330
  QMMM:    14       14      H       14.5757    9.1033   11.7535
  QMMM:    15       15      H       16.9800    8.4413   11.4903
  QMMM:    16       16      H       12.4919    4.3588   15.5540

           --------- Calculation Completed ----------

