OpenMM platforms: Reference, CPU, CUDA, OpenCL
OpenMM version: 8.2.0.dev-5377094
CUDA device 0 preflight: ok
CUDA device 1 preflight: ok
[2026-06-02T16:30:07+02:00] GPU 0 validate rep01
[2026-06-02T16:30:07+02:00] GPU 1 validate rep02
[2026-06-02T16:30:08+02:00] GPU 0 sample-series rep01
[2026-06-02T16:30:08+02:00] GPU 1 sample-series rep02
[2026-06-02T21:11:19+02:00] GPU 0 analyze rep01
[2026-06-02T21:51:41+02:00] GPU 1 analyze rep02
[2026-06-02T21:52:47+02:00] GPU 1 validate rep04
[2026-06-02T21:52:47+02:00] GPU 0 validate rep03
[2026-06-02T21:52:48+02:00] GPU 0 sample-series rep03
[2026-06-02T21:52:48+02:00] GPU 1 sample-series rep04
[2026-06-03T02:34:22+02:00] GPU 0 analyze rep03
[2026-06-03T03:14:46+02:00] GPU 1 analyze rep04
[2026-06-03T03:15:51+02:00] GPU 0 validate rep05
[2026-06-03T03:15:51+02:00] GPU 1 validate rep06
[2026-06-03T03:15:52+02:00] GPU 0 sample-series rep05
[2026-06-03T03:15:52+02:00] GPU 1 sample-series rep06
[2026-06-03T07:57:30+02:00] GPU 0 analyze rep05
[2026-06-03T08:37:40+02:00] GPU 1 analyze rep06
[2026-06-03T08:38:40+02:00] GPU 1 validate rep08
[2026-06-03T08:38:40+02:00] GPU 0 validate rep07
[2026-06-03T08:38:41+02:00] GPU 0 sample-series rep07
[2026-06-03T08:38:42+02:00] GPU 1 sample-series rep08
[2026-06-03T13:19:57+02:00] GPU 0 analyze rep07
[2026-06-03T14:00:10+02:00] GPU 1 analyze rep08
[2026-06-03T14:01:14+02:00] GPU 0 validate rep09
[2026-06-03T14:01:14+02:00] GPU 1 validate rep10
[2026-06-03T14:01:15+02:00] GPU 0 sample-series rep09
[2026-06-03T14:01:15+02:00] GPU 1 sample-series rep10
[2026-06-03T18:42:34+02:00] GPU 0 analyze rep09
[2026-06-03T19:23:37+02:00] GPU 1 analyze rep10
[2026-06-03T19:24:40+02:00] GPU 1 validate rep12
[2026-06-03T19:24:40+02:00] GPU 0 validate rep11
[2026-06-03T19:24:41+02:00] GPU 0 sample-series rep11
[2026-06-03T19:24:41+02:00] GPU 1 sample-series rep12
[2026-06-04T00:06:09+02:00] GPU 0 analyze rep11
[2026-06-04T00:46:34+02:00] GPU 1 analyze rep12
[2026-06-04T00:47:38+02:00] GPU 0 validate rep13
[2026-06-04T00:47:38+02:00] GPU 1 validate rep14
[2026-06-04T00:47:39+02:00] GPU 0 sample-series rep13
[2026-06-04T00:47:39+02:00] GPU 1 sample-series rep14
[2026-06-04T05:29:05+02:00] GPU 0 analyze rep13
[2026-06-04T06:09:27+02:00] GPU 1 analyze rep14
[2026-06-04T06:10:30+02:00] GPU 0 validate rep15
[2026-06-04T06:10:30+02:00] GPU 1 validate rep16
[2026-06-04T06:10:31+02:00] GPU 0 sample-series rep15
[2026-06-04T06:10:31+02:00] GPU 1 sample-series rep16
