            --------------------------------------------------------
                             AMBER SQM VERSION 19
 
                                     By
              Ross C. Walker, Michael F. Crowley, Scott Brozell,
                         Tim Giese, Andreas W. Goetz,
                        Tai-Sung Lee and David A. Case
 
            --------------------------------------------------------
 

--------------------------------------------------------------------------------
  QM CALCULATION INFO
--------------------------------------------------------------------------------

| QMMM: Citation for AMBER QMMM Run:
| QMMM: R.C. Walker, M.F. Crowley and D.A. Case, J. COMP. CHEM. 29:1019, 2008

QMMM: SINGLET STATE CALCULATION
QMMM: RHF CALCULATION, NO. OF DOUBLY OCCUPIED LEVELS = 12

| QMMM: *** Selected Hamiltonian *** 
| QMMM: AM1         

| QMMM: *** Parameter sets in use ***
| QMMM: H : M.J.S.DEWAR et al. JACS, 107, 3902, (1985)
| QMMM: C : M.J.S.DEWAR et al. JACS, 107, 3902, (1985)
| QMMM: O : M.J.S.DEWAR et al. JACS, 107, 3902, (1985)

| QMMM: *** SCF convergence criteria ***
| QMMM: Energy change                :  0.1D-09 kcal/mol
| QMMM: Error matrix |FP-PF|         :  0.1D+00 au
| QMMM: Density matrix change        :  0.5D-06
| QMMM: Maximum number of SCF cycles :     1000

| QMMM: *** Diagonalization Routine Information ***
| QMMM: Pseudo diagonalizations are allowed.
| QMMM: Auto diagonalization routine selection is in use.
| QMMM:
| QMMM: Timing diagonalization routines:
| QMMM:                              norbs =       20
| QMMM:    diag iterations used for timing =       20
| QMMM:
| QMMM:              Internal diag routine = 0.000369 seconds
| QMMM:                 Dspev diag routine = 0.004965 seconds
| QMMM:                Dspevd diag routine = 0.000274 seconds
| QMMM:                Dspevx diag routine = 0.001451 seconds
| QMMM:                 Dsyev diag routine = 0.000262 seconds
| QMMM:                Dsyevd diag routine = 0.000266 seconds
| QMMM:                Dsyevr diag routine = 0.000459 seconds
| QMMM:
| QMMM:                Pseudo diag routine = 0.000039 seconds
| QMMM:
| QMMM: Using dsyev routine (diag_routine=5).

  QMMM: QM Region Cartesian Coordinates (*=link atom) 
  QMMM: QM_NO.   MM_NO.  ATOM         X         Y         Z
  QMMM:     1        1      H       15.5750   12.8650   16.8960
  QMMM:     2        2      C       14.2400   11.5360   17.2090
  QMMM:     3        3      C       14.0840   10.1080   17.6090
  QMMM:     4        4      O       13.3240   12.2840   16.9470
  QMMM:     5        5      O       15.5070   11.9210   17.1650
  QMMM:     6        6      H       13.0340    9.8420   17.6410
  QMMM:     7        7      H       14.6080    9.4740   16.8960
  QMMM:     8        8      H       14.5390    9.9540   18.5850

--------------------------------------------------------------------------------
  RESULTS
--------------------------------------------------------------------------------

      iter         sqm energy              rms gradient
      ----    -------------------    -----------------------
xmin    10     -103.0221 kcal/mol        0.0011 kcal/(mol*A)
xmin    20     -103.0221 kcal/mol        0.0024 kcal/(mol*A)
xmin    30     -103.0221 kcal/mol        0.0012 kcal/(mol*A)
xmin    40     -103.0221 kcal/mol        0.0024 kcal/(mol*A)
xmin    50     -103.0221 kcal/mol        0.0018 kcal/(mol*A)
xmin    60     -103.0221 kcal/mol        0.0156 kcal/(mol*A)
xmin    70     -103.0222 kcal/mol        0.0022 kcal/(mol*A)
xmin    80     -103.0222 kcal/mol        0.0023 kcal/(mol*A)
xmin    90     -103.0222 kcal/mol        0.0050 kcal/(mol*A)
xmin   100     -103.0223 kcal/mol        0.0038 kcal/(mol*A)
xmin   110     -103.0225 kcal/mol        0.0056 kcal/(mol*A)
xmin   120     -103.0227 kcal/mol        0.0160 kcal/(mol*A)
xmin   130     -103.0232 kcal/mol        0.0141 kcal/(mol*A)
xmin   140     -103.0237 kcal/mol        0.0426 kcal/(mol*A)
xmin   150     -103.0244 kcal/mol        0.0086 kcal/(mol*A)
xmin   160     -103.0259 kcal/mol        0.0069 kcal/(mol*A)
xmin   170     -103.0272 kcal/mol        0.0299 kcal/(mol*A)
xmin   180     -103.0286 kcal/mol        0.0234 kcal/(mol*A)
xmin   190     -103.0310 kcal/mol        0.0182 kcal/(mol*A)
xmin   200     -103.0339 kcal/mol        0.0204 kcal/(mol*A)
xmin   210     -103.0358 kcal/mol        0.0305 kcal/(mol*A)
xmin   220     -103.0395 kcal/mol        0.0233 kcal/(mol*A)
xmin   230     -103.0425 kcal/mol        0.0186 kcal/(mol*A)
xmin   240     -103.0466 kcal/mol        0.0206 kcal/(mol*A)
xmin   250     -103.0478 kcal/mol        0.0432 kcal/(mol*A)
xmin   260     -103.0500 kcal/mol        0.0162 kcal/(mol*A)
xmin   270     -103.0519 kcal/mol        0.0861 kcal/(mol*A)
xmin   280     -103.0530 kcal/mol        0.0182 kcal/(mol*A)
xmin   290     -103.0548 kcal/mol        0.0111 kcal/(mol*A)
xmin   300     -103.0558 kcal/mol        0.0264 kcal/(mol*A)
xmin   310     -103.0562 kcal/mol        0.0115 kcal/(mol*A)
xmin   320     -103.0566 kcal/mol        0.0148 kcal/(mol*A)
xmin   330     -103.0568 kcal/mol        0.0086 kcal/(mol*A)
xmin   340     -103.0569 kcal/mol        0.1073 kcal/(mol*A)
xmin   350     -103.0571 kcal/mol        0.0072 kcal/(mol*A)
xmin   360     -103.0572 kcal/mol        0.0021 kcal/(mol*A)
xmin   370     -103.0572 kcal/mol        0.0042 kcal/(mol*A)
xmin   380     -103.0573 kcal/mol        0.0019 kcal/(mol*A)
xmin   390     -103.0574 kcal/mol        0.0022 kcal/(mol*A)
xmin   400     -103.0574 kcal/mol        0.0013 kcal/(mol*A)
xmin   410     -103.0574 kcal/mol        0.0008 kcal/(mol*A)
xmin   420     -103.0574 kcal/mol        0.0011 kcal/(mol*A)
xmin   430     -103.0574 kcal/mol        0.0006 kcal/(mol*A)
xmin   440     -103.0574 kcal/mol        0.0010 kcal/(mol*A)
  ... geometry converged !
 
 Final MO eigenvalues (eV):
 -40.6573  -36.5384  -31.4204  -22.4378  -18.9898  -17.1711  -16.6510  -14.4940
 -13.8529  -13.7795  -12.3516  -11.6161    0.9755    2.3457    3.5216    3.8202
   4.0919    4.3559    5.2422    6.6132

 Heat of formation   =       -103.05743157 kcal/mol  (       -4.46890558 eV)

 Total SCF energy    =     -21975.02355607 kcal/mol  (     -952.90852765 eV)
 Electronic energy   =     -58287.72849371 kcal/mol  (    -2527.54557451 eV)
 Core-core repulsion =      36312.70493764 kcal/mol  (     1574.63704686 eV)
 
    Atomic Charges for Step       1 :
  Atom    Element       Mulliken Charge
     1      H                  0.243
     2      C                  0.306
     3      C                 -0.218
     4      O                 -0.363
     5      O                 -0.320
     6      H                  0.118
     7      H                  0.118
     8      H                  0.115
 Total Mulliken Charge =      -0.000
 
                  X        Y        Z     TOTAL  
  QM DIPOLE     0.825   -1.453    0.828    1.865
 
 Final Structure

  QMMM: QM Region Cartesian Coordinates (*=link atom) 
  QMMM: QM_NO.   MM_NO.  ATOM         X         Y         Z
  QMMM:     1        1      H       15.4902   12.9710   17.1852
  QMMM:     2        2      C       14.2538   11.4982   17.1562
  QMMM:     3        3      C       14.1008   10.0775   17.5642
  QMMM:     4        4      O       13.4517   12.2346   16.5746
  QMMM:     5        5      O       15.4600   12.0462   17.4802
  QMMM:     6        6      H       13.2238    9.9899   18.2518
  QMMM:     7        7      H       13.9116    9.4571   16.6538
  QMMM:     8        8      H       15.0191    9.7094   18.0820

           --------- Calculation Completed ----------

